TN:
SF:app.js
FN:2,(anonymous_0)
FN:20,(anonymous_1)
FN:24,(anonymous_2)
FN:56,(anonymous_3)
FN:60,(anonymous_4)
FN:79,(anonymous_5)
FN:88,(anonymous_6)
FN:96,(anonymous_7)
FN:98,(anonymous_8)
FN:105,(anonymous_9)
FN:114,(anonymous_10)
FN:117,(anonymous_11)
FN:129,(anonymous_12)
FN:141,(anonymous_13)
FN:158,(anonymous_14)
FN:176,(anonymous_15)
FN:187,(anonymous_16)
FN:190,(anonymous_17)
FN:199,(anonymous_18)
FN:341,(anonymous_19)
FN:356,(anonymous_20)
FN:369,(anonymous_21)
FN:381,(anonymous_22)
FNF:23
FNH:18
FNDA:16,(anonymous_0)
FNDA:25,(anonymous_1)
FNDA:5,(anonymous_2)
FNDA:244,(anonymous_3)
FNDA:3827,(anonymous_4)
FNDA:8,(anonymous_5)
FNDA:1,(anonymous_6)
FNDA:0,(anonymous_7)
FNDA:0,(anonymous_8)
FNDA:0,(anonymous_9)
FNDA:75,(anonymous_10)
FNDA:1178,(anonymous_11)
FNDA:111,(anonymous_12)
FNDA:690,(anonymous_13)
FNDA:55,(anonymous_14)
FNDA:196,(anonymous_15)
FNDA:152,(anonymous_16)
FNDA:1064,(anonymous_17)
FNDA:12,(anonymous_18)
FNDA:6,(anonymous_19)
FNDA:4,(anonymous_20)
FNDA:0,(anonymous_21)
FNDA:0,(anonymous_22)
DA:2,1
DA:3,16
DA:4,3
DA:6,13
DA:7,13
DA:8,6
DA:9,7
DA:10,3
DA:11,4
DA:12,3
DA:13,1
DA:14,1
DA:16,0
DA:20,1
DA:21,25
DA:24,1
DA:25,5
DA:26,0
DA:27,5
DA:28,0
DA:29,5
DA:30,0
DA:31,5
DA:32,1
DA:33,4
DA:34,1
DA:35,3
DA:36,0
DA:37,3
DA:38,0
DA:39,3
DA:40,0
DA:41,3
DA:42,0
DA:43,3
DA:44,0
DA:45,3
DA:46,1
DA:47,2
DA:48,1
DA:49,1
DA:50,1
DA:52,0
DA:56,1
DA:57,244
DA:58,244
DA:59,244
DA:60,244
DA:61,3827
DA:62,0
DA:64,3827
DA:65,3827
DA:66,3523
DA:69,0
DA:70,0
DA:76,244
DA:79,1
DA:80,8
DA:81,0
DA:82,8
DA:83,0
DA:85,8
DA:86,8
DA:88,1
DA:89,1
DA:90,1
DA:91,1
DA:94,7
DA:96,0
DA:97,0
DA:98,0
DA:99,0
DA:100,0
DA:101,0
DA:105,0
DA:106,0
DA:107,0
DA:108,0
DA:114,7
DA:115,75
DA:117,38
DA:118,1178
DA:119,1178
DA:120,995
DA:121,0
DA:123,995
DA:127,37
DA:129,5
DA:130,111
DA:131,111
DA:132,96
DA:133,4
DA:135,92
DA:139,32
DA:141,23
DA:142,690
DA:143,690
DA:144,598
DA:145,104
DA:146,104
DA:147,4
DA:149,100
DA:152,494
DA:156,9
DA:158,2
DA:159,55
DA:160,55
DA:161,48
DA:162,48
DA:163,48
DA:164,2
DA:166,46
DA:169,0
DA:175,7
DA:176,7
DA:177,196
DA:178,196
DA:179,168
DA:183,8
DA:187,1
DA:188,152
DA:189,152
DA:190,152
DA:191,1064
DA:192,1064
DA:193,152
DA:196,152
DA:199,1
DA:200,12
DA:201,4
DA:202,3
DA:203,3
DA:204,1
DA:205,1
DA:206,1
DA:207,1
DA:209,1
DA:210,1
DA:211,1
DA:212,1
DA:213,1
DA:215,2
DA:216,2
DA:217,2
DA:218,2
DA:220,2
DA:221,2
DA:222,2
DA:223,2
DA:224,2
DA:227,0
DA:228,0
DA:229,0
DA:232,1
DA:233,1
DA:234,1
DA:235,1
DA:236,1
DA:237,1
DA:239,1
DA:240,1
DA:241,1
DA:242,1
DA:243,1
DA:245,0
DA:246,0
DA:247,0
DA:248,0
DA:250,0
DA:251,0
DA:252,0
DA:253,0
DA:254,0
DA:257,0
DA:258,0
DA:259,0
DA:262,8
DA:263,4
DA:264,4
DA:265,2
DA:266,2
DA:267,2
DA:268,2
DA:270,2
DA:271,2
DA:272,2
DA:273,2
DA:274,2
DA:276,2
DA:277,2
DA:278,2
DA:279,2
DA:281,2
DA:282,2
DA:283,2
DA:284,2
DA:285,1
DA:286,1
DA:287,1
DA:288,1
DA:290,0
DA:291,0
DA:292,0
DA:295,1
DA:296,1
DA:297,1
DA:300,2
DA:301,2
DA:304,0
DA:305,0
DA:306,0
DA:309,4
DA:310,2
DA:311,1
DA:312,1
DA:313,1
DA:314,1
DA:316,1
DA:317,1
DA:318,1
DA:319,1
DA:320,1
DA:322,1
DA:323,1
DA:324,1
DA:325,1
DA:327,1
DA:328,1
DA:329,1
DA:330,1
DA:331,1
DA:334,2
DA:335,2
DA:336,2
DA:341,1
DA:342,6
DA:343,6
DA:344,6
DA:353,6
DA:356,1
DA:358,4
DA:362,4
DA:363,4
DA:368,4
DA:369,0
DA:370,0
DA:371,0
DA:372,0
DA:375,0
DA:378,4
DA:381,1
DA:382,0
DA:383,0
DA:384,0
DA:385,0
DA:391,0
DA:394,0
DA:396,0
DA:397,0
DA:398,0
DA:399,0
DA:405,0
DA:407,0
DA:410,0
DA:411,0
DA:412,0
DA:423,0
DA:424,0
DA:429,0
DA:430,0
DA:433,0
DA:434,0
DA:435,0
DA:438,1
LF:274
LH:199
BRDA:3,0,0,3
BRDA:3,0,1,13
BRDA:3,1,0,16
BRDA:3,1,1,16
BRDA:3,1,2,14
BRDA:3,1,3,14
BRDA:3,1,4,13
BRDA:7,2,0,6
BRDA:7,2,1,7
BRDA:7,3,0,13
BRDA:7,3,1,6
BRDA:7,3,2,6
BRDA:9,4,0,3
BRDA:9,4,1,4
BRDA:9,5,0,7
BRDA:9,5,1,3
BRDA:9,5,2,3
BRDA:11,6,0,3
BRDA:11,6,1,1
BRDA:11,7,0,4
BRDA:11,7,1,4
BRDA:11,7,2,3
BRDA:11,7,3,3
BRDA:13,8,0,1
BRDA:13,8,1,0
BRDA:13,9,0,1
BRDA:13,9,1,1
BRDA:13,9,2,1
BRDA:13,9,3,1
BRDA:21,10,0,25
BRDA:21,10,1,7
BRDA:21,10,2,7
BRDA:25,11,0,0
BRDA:25,11,1,5
BRDA:25,12,0,5
BRDA:25,12,1,1
BRDA:25,12,2,5
BRDA:25,12,3,0
BRDA:27,13,0,0
BRDA:27,13,1,5
BRDA:27,14,0,5
BRDA:27,14,1,0
BRDA:27,14,2,0
BRDA:27,14,3,5
BRDA:27,14,4,1
BRDA:29,15,0,0
BRDA:29,15,1,5
BRDA:29,16,0,5
BRDA:29,16,1,0
BRDA:29,16,2,0
BRDA:29,16,3,5
BRDA:29,16,4,1
BRDA:31,17,0,1
BRDA:31,17,1,4
BRDA:31,18,0,5
BRDA:31,18,1,1
BRDA:31,18,2,4
BRDA:31,18,3,0
BRDA:33,19,0,1
BRDA:33,19,1,3
BRDA:33,20,0,4
BRDA:33,20,1,0
BRDA:33,20,2,4
BRDA:33,20,3,1
BRDA:35,21,0,0
BRDA:35,21,1,3
BRDA:35,22,0,3
BRDA:35,22,1,0
BRDA:35,22,2,3
BRDA:35,22,3,0
BRDA:37,23,0,0
BRDA:37,23,1,3
BRDA:37,24,0,3
BRDA:37,24,1,0
BRDA:37,24,2,3
BRDA:37,24,3,0
BRDA:39,25,0,0
BRDA:39,25,1,3
BRDA:39,26,0,3
BRDA:39,26,1,0
BRDA:39,26,2,3
BRDA:39,26,3,0
BRDA:41,27,0,0
BRDA:41,27,1,3
BRDA:41,28,0,3
BRDA:41,28,1,0
BRDA:41,28,2,3
BRDA:41,28,3,0
BRDA:43,29,0,0
BRDA:43,29,1,3
BRDA:43,30,0,3
BRDA:43,30,1,0
BRDA:43,30,2,3
BRDA:43,30,3,0
BRDA:45,31,0,1
BRDA:45,31,1,2
BRDA:45,32,0,3
BRDA:45,32,1,0
BRDA:45,32,2,3
BRDA:45,32,3,2
BRDA:47,33,0,1
BRDA:47,33,1,1
BRDA:47,34,0,2
BRDA:47,34,1,1
BRDA:47,34,2,1
BRDA:47,34,3,0
BRDA:49,35,0,1
BRDA:49,35,1,0
BRDA:49,36,0,1
BRDA:49,36,1,0
BRDA:49,36,2,1
BRDA:49,36,3,1
BRDA:56,37,0,0
BRDA:56,38,0,244
BRDA:58,39,0,0
BRDA:58,39,1,244
BRDA:61,40,0,0
BRDA:61,40,1,3827
BRDA:64,41,0,3827
BRDA:64,41,1,0
BRDA:65,42,0,3523
BRDA:65,42,1,304
BRDA:69,43,0,0
BRDA:69,43,1,0
BRDA:69,44,0,0
BRDA:69,44,1,0
BRDA:80,45,0,0
BRDA:80,45,1,8
BRDA:80,46,0,8
BRDA:80,46,1,8
BRDA:80,46,2,8
BRDA:82,47,0,0
BRDA:82,47,1,8
BRDA:86,48,0,1
BRDA:86,48,1,7
BRDA:90,49,0,1
BRDA:90,49,1,0
BRDA:94,50,0,0
BRDA:94,50,1,7
BRDA:97,51,0,0
BRDA:97,51,1,0
BRDA:100,52,0,0
BRDA:100,52,1,0
BRDA:107,53,0,0
BRDA:107,53,1,0
BRDA:115,54,0,38
BRDA:115,54,1,37
BRDA:115,55,0,75
BRDA:115,55,1,43
BRDA:119,56,0,995
BRDA:119,56,1,183
BRDA:120,57,0,0
BRDA:120,57,1,995
BRDA:120,58,0,995
BRDA:120,58,1,0
BRDA:127,59,0,5
BRDA:127,59,1,32
BRDA:127,60,0,37
BRDA:127,60,1,5
BRDA:131,61,0,96
BRDA:131,61,1,15
BRDA:132,62,0,4
BRDA:132,62,1,92
BRDA:132,63,0,96
BRDA:132,63,1,84
BRDA:139,64,0,23
BRDA:139,64,1,9
BRDA:139,65,0,32
BRDA:139,65,1,25
BRDA:143,66,0,598
BRDA:143,66,1,92
BRDA:144,67,0,104
BRDA:144,67,1,494
BRDA:146,68,0,4
BRDA:146,68,1,100
BRDA:156,69,0,2
BRDA:156,69,1,7
BRDA:156,70,0,9
BRDA:156,70,1,2
BRDA:160,71,0,48
BRDA:160,71,1,7
BRDA:161,72,0,48
BRDA:161,72,1,0
BRDA:163,73,0,2
BRDA:163,73,1,46
BRDA:175,74,0,0
BRDA:175,74,1,7
BRDA:178,75,0,168
BRDA:178,75,1,28
BRDA:192,76,0,152
BRDA:192,76,1,912
BRDA:200,77,0,4
BRDA:200,77,1,8
BRDA:200,78,0,12
BRDA:200,78,1,4
BRDA:201,79,0,3
BRDA:201,79,1,1
BRDA:202,80,0,3
BRDA:202,80,1,0
BRDA:202,81,0,3
BRDA:202,81,1,2
BRDA:203,82,0,1
BRDA:203,82,1,2
BRDA:221,83,0,2
BRDA:221,83,1,0
BRDA:232,84,0,1
BRDA:232,84,1,0
BRDA:232,85,0,1
BRDA:232,85,1,0
BRDA:233,86,0,1
BRDA:233,86,1,0
BRDA:251,87,0,0
BRDA:251,87,1,0
BRDA:262,88,0,4
BRDA:262,88,1,4
BRDA:263,89,0,4
BRDA:263,89,1,0
BRDA:263,90,0,4
BRDA:263,90,1,2
BRDA:264,91,0,2
BRDA:264,91,1,2
BRDA:267,92,0,1
BRDA:267,92,1,1
BRDA:284,93,0,1
BRDA:284,93,1,1
BRDA:285,94,0,1
BRDA:285,94,1,0
BRDA:295,95,0,1
BRDA:295,95,1,0
BRDA:296,96,0,1
BRDA:296,96,1,0
BRDA:297,97,0,1
BRDA:297,97,1,0
BRDA:309,98,0,2
BRDA:309,98,1,2
BRDA:309,99,0,4
BRDA:309,99,1,3
BRDA:310,100,0,1
BRDA:310,100,1,1
BRDA:311,101,0,1
BRDA:311,101,1,0
BRDA:328,102,0,0
BRDA:328,102,1,1
BRDA:343,103,0,1
BRDA:343,103,1,5
BRDA:368,104,0,0
BRDA:368,104,1,4
BRDA:371,105,0,0
BRDA:371,105,1,0
BRDA:391,106,0,0
BRDA:391,106,1,0
BRDA:391,107,0,0
BRDA:391,107,1,0
BRDA:391,107,2,0
BRDA:410,108,0,0
BRDA:410,108,1,0
BRF:256
BRH:180
end_of_record
